# JRE version: OpenJDK Runtime Environment (8.0_171-b11) (build 1.8.0_171-8u171-b11-0ubuntu0.17.10.1-b11)
# Java VM: OpenJDK 64-Bit Server VM (25.171-b11 mixed mode linux-amd64 compressed oops)
Heap:
 garbage-first heap   total 609280K, used 38399K [0x00000000c0000000, 0x00000000c0101298, 0x0000000100000000)
  region size 1024K, 3 young (3072K), 3 survivors (3072K)
 Metaspace       used 39699K, capacity 41944K, committed 42160K, reserved 1087488K
  class space    used 4202K, capacity 4984K, committed 5040K, reserved 1048576K
GC Heap History (10 events):
Event: 47.296 GC heap after
Heap after GC invocations=30 (full 0):
 garbage-first heap   total 47104K, used 30208K [0x00000000c0000000, 0x00000000c0100170, 0x0000000100000000)
  region size 1024K, 1 young (1024K), 1 survivors (1024K)
 Metaspace       used 36644K, capacity 38858K, committed 38960K, reserved 1083392K
  class space    used 3869K, capacity 4651K, committed 4656K, reserved 1048576K
}
Event: 47.399 GC heap before
{Heap before GC invocations=30 (full 0):
 garbage-first heap   total 47104K, used 31232K [0x00000000c0000000, 0x00000000c0100170, 0x0000000100000000)
  region size 1024K, 2 young (2048K), 1 survivors (1024K)
 Metaspace       used 36702K, capacity 38986K, committed 39216K, reserved 1083392K
  class space    used 3876K, capacity 4651K, committed 4656K, reserved 1048576K
Event: 47.530 GC heap after
Heap after GC invocations=31 (full 0):
 garbage-first heap   total 94208K, used 29625K [0x00000000c0000000, 0x00000000c01002e0, 0x0000000100000000)
  region size 1024K, 1 young (1024K), 1 survivors (1024K)
 Metaspace       used 36702K, capacity 38986K, committed 39216K, reserved 1083392K
  class space    used 3876K, capacity 4651K, committed 4656K, reserved 1048576K
}
Event: 47.898 GC heap before
{Heap before GC invocations=31 (full 0):
 garbage-first heap   total 94208K, used 32697K [0x00000000c0000000, 0x00000000c01002e0, 0x0000000100000000)
  region size 1024K, 5 young (5120K), 1 survivors (1024K)
 Metaspace       used 37211K, capacity 39548K, committed 39856K, reserved 1085440K
  class space    used 3924K, capacity 4686K, committed 4784K, reserved 1048576K
Event: 47.974 GC heap after
Heap after GC invocations=32 (full 0):
 garbage-first heap   total 188416K, used 31232K [0x00000000c0000000, 0x00000000c01005c0, 0x0000000100000000)
  region size 1024K, 1 young (1024K), 1 survivors (1024K)
 Metaspace       used 37211K, capacity 39548K, committed 39856K, reserved 1085440K
  class space    used 3924K, capacity 4686K, committed 4784K, reserved 1048576K
}
Event: 48.599 GC heap before
{Heap before GC invocations=32 (full 0):
 garbage-first heap   total 188416K, used 39424K [0x00000000c0000000, 0x00000000c01005c0, 0x0000000100000000)
  region size 1024K, 9 young (9216K), 1 survivors (1024K)
 Metaspace       used 37466K, capacity 39676K, committed 39856K, reserved 1085440K
  class space    used 3949K, capacity 4686K, committed 4784K, reserved 1048576K
Event: 48.671 GC heap after
Heap after GC invocations=33 (full 0):
 garbage-first heap   total 360448K, used 32110K [0x00000000c0000000, 0x00000000c0100b00, 0x0000000100000000)
  region size 1024K, 2 young (2048K), 2 survivors (2048K)
 Metaspace       used 37466K, capacity 39676K, committed 39856K, reserved 1085440K
  class space    used 3949K, capacity 4686K, committed 4784K, reserved 1048576K
}
Event: 49.692 GC heap before
{Heap before GC invocations=33 (full 0):
 garbage-first heap   total 360448K, used 49518K [0x00000000c0000000, 0x00000000c0100b00, 0x0000000100000000)
  region size 1024K, 19 young (19456K), 2 survivors (2048K)
 Metaspace       used 38875K, capacity 41140K, committed 41392K, reserved 1085440K
  class space    used 4109K, capacity 4914K, committed 5040K, reserved 1048576K
Event: 49.846 GC heap after
Heap after GC invocations=34 (full 0):
 garbage-first heap   total 498688K, used 35059K [0x00000000c0000000, 0x00000000c0100f38, 0x0000000100000000)
  region size 1024K, 3 young (3072K), 3 survivors (3072K)
 Metaspace       used 38875K, capacity 41140K, committed 41392K, reserved 1085440K
  class space    used 4109K, capacity 4914K, committed 5040K, reserved 1048576K
}
Event: 1350.566 GC heap before
{Heap before GC invocations=34 (full 0):
 garbage-first heap   total 498688K, used 56563K [0x00000000c0000000, 0x00000000c0100f38, 0x0000000100000000)
  region size 1024K, 24 young (24576K), 3 survivors (3072K)
 Metaspace       used 39699K, capacity 41944K, committed 42160K, reserved 1087488K
  class space    used 4202K, capacity 4984K, committed 5040K, reserved 1048576K

